2021-11-16 18:42:24,809:INFO:PyCaret Supervised Module
2021-11-16 18:42:24,814:INFO:ML Usecase: clustering
2021-11-16 18:42:24,814:INFO:version 2.3.0
2021-11-16 18:42:24,814:INFO:Initializing setup()
2021-11-16 18:42:24,814:INFO:setup(target=None, ml_usecase=clustering, available_plots={'cluster': 'Cluster PCA Plot (2d)', 'tsne': 'Cluster TSnE (3d)', 'elbow': 'Elbow', 'silhouette': 'Silhouette', 'distance': 'Distance', 'distribution': 'Distribution'}, train_size=0.7, test_data=None, preprocess=True, imputation_type=simple, iterative_imputation_iters=5, categorical_features=None, categorical_imputation=mode, categorical_iterative_imputer=lightgbm, ordinal_features=None, high_cardinality_features=None, high_cardinality_method=frequency, numeric_features=None, numeric_imputation=mean, numeric_iterative_imputer=lightgbm, date_features=None, ignore_features=['Channel, "Region'], normalize=True, normalize_method=minmax, transformation=False, transformation_method=yeo-johnson, handle_unknown_categorical=True, unknown_categorical_method=least_frequent, pca=False, pca_method=linear, pca_components=None, ignore_low_variance=False, combine_rare_levels=False, rare_level_threshold=0.1, bin_numeric_features=None, remove_outliers=False, outliers_threshold=0.05, remove_multicollinearity=False, multicollinearity_threshold=0.9, remove_perfect_collinearity=False, create_clusters=False, cluster_iter=20, polynomial_features=False, polynomial_degree=2, trigonometry_features=False, polynomial_threshold=0.1, group_features=None, group_names=None, feature_selection=False, feature_selection_threshold=0.8, feature_selection_method=classic, feature_interaction=False, feature_ratio=False, interaction_threshold=0.01, fix_imbalance=False, fix_imbalance_method=None, transform_target=False, transform_target_method=box-cox, data_split_shuffle=False, data_split_stratify=False, fold_strategy=kfold, fold=10, fold_shuffle=False, fold_groups=None, n_jobs=-1, use_gpu=False, custom_pipeline=None, html=True, session_id=123, log_experiment=False, experiment_name=None, log_plots=False, log_profile=False, log_data=False, silent=False, verbose=True, profile=False, profile_kwargs=None, display=None)
2021-11-16 18:42:24,814:INFO:Checking environment
2021-11-16 18:42:24,814:INFO:python_version: 3.8.5
2021-11-16 18:42:24,814:INFO:python_build: ('default', 'Sep  4 2020 07:30:14')
2021-11-16 18:42:24,815:INFO:machine: x86_64
2021-11-16 18:42:24,963:INFO:platform: Linux-4.15.0-1065-aws-x86_64-with-glibc2.10
2021-11-16 18:42:24,965:INFO:Memory: svmem(total=8257548288, available=5856587776, percent=29.1, used=2039111680, free=4711186432, active=2509750272, inactive=712691712, buffers=284979200, cached=1222270976, shared=58748928, slab=230711296)
2021-11-16 18:42:24,967:INFO:Physical Core: 1
2021-11-16 18:42:24,967:INFO:Logical Core: 2
2021-11-16 18:42:24,968:INFO:Checking libraries
2021-11-16 18:42:24,968:INFO:pd==1.1.3
2021-11-16 18:42:24,969:INFO:numpy==1.19.5
2021-11-16 18:42:24,970:INFO:sklearn==0.23.2
2021-11-16 18:42:24,970:INFO:lightgbm==3.1.1
2021-11-16 18:42:25,211:INFO:catboost==0.24.4
2021-11-16 18:42:25,416:INFO:xgboost==1.3.3
2021-11-16 18:42:26,894:INFO:mlflow==1.13.1
2021-11-16 18:42:26,895:INFO:Checking Exceptions
2021-11-16 18:43:54,901:INFO:PyCaret Supervised Module
2021-11-16 18:43:54,903:INFO:ML Usecase: clustering
2021-11-16 18:43:54,903:INFO:version 2.3.0
2021-11-16 18:43:54,903:INFO:Initializing setup()
2021-11-16 18:43:54,903:INFO:setup(target=None, ml_usecase=clustering, available_plots={'cluster': 'Cluster PCA Plot (2d)', 'tsne': 'Cluster TSnE (3d)', 'elbow': 'Elbow', 'silhouette': 'Silhouette', 'distance': 'Distance', 'distribution': 'Distribution'}, train_size=0.7, test_data=None, preprocess=True, imputation_type=simple, iterative_imputation_iters=5, categorical_features=None, categorical_imputation=mode, categorical_iterative_imputer=lightgbm, ordinal_features=None, high_cardinality_features=None, high_cardinality_method=frequency, numeric_features=None, numeric_imputation=mean, numeric_iterative_imputer=lightgbm, date_features=None, ignore_features=['Channel', 'Region'], normalize=True, normalize_method=minmax, transformation=False, transformation_method=yeo-johnson, handle_unknown_categorical=True, unknown_categorical_method=least_frequent, pca=False, pca_method=linear, pca_components=None, ignore_low_variance=False, combine_rare_levels=False, rare_level_threshold=0.1, bin_numeric_features=None, remove_outliers=False, outliers_threshold=0.05, remove_multicollinearity=False, multicollinearity_threshold=0.9, remove_perfect_collinearity=False, create_clusters=False, cluster_iter=20, polynomial_features=False, polynomial_degree=2, trigonometry_features=False, polynomial_threshold=0.1, group_features=None, group_names=None, feature_selection=False, feature_selection_threshold=0.8, feature_selection_method=classic, feature_interaction=False, feature_ratio=False, interaction_threshold=0.01, fix_imbalance=False, fix_imbalance_method=None, transform_target=False, transform_target_method=box-cox, data_split_shuffle=False, data_split_stratify=False, fold_strategy=kfold, fold=10, fold_shuffle=False, fold_groups=None, n_jobs=-1, use_gpu=False, custom_pipeline=None, html=True, session_id=123, log_experiment=False, experiment_name=None, log_plots=False, log_profile=False, log_data=False, silent=False, verbose=True, profile=False, profile_kwargs=None, display=None)
2021-11-16 18:43:54,903:INFO:Checking environment
2021-11-16 18:43:54,903:INFO:python_version: 3.8.5
2021-11-16 18:43:54,903:INFO:python_build: ('default', 'Sep  4 2020 07:30:14')
2021-11-16 18:43:54,903:INFO:machine: x86_64
2021-11-16 18:43:54,903:INFO:platform: Linux-4.15.0-1065-aws-x86_64-with-glibc2.10
2021-11-16 18:43:54,904:INFO:Memory: svmem(total=8257548288, available=5884817408, percent=28.7, used=2015117312, free=4701659136, active=2485334016, inactive=744263680, buffers=285270016, cached=1255501824, shared=53690368, slab=232386560)
2021-11-16 18:43:54,906:INFO:Physical Core: 1
2021-11-16 18:43:54,906:INFO:Logical Core: 2
2021-11-16 18:43:54,906:INFO:Checking libraries
2021-11-16 18:43:54,906:INFO:pd==1.1.3
2021-11-16 18:43:54,906:INFO:numpy==1.19.5
2021-11-16 18:43:54,906:INFO:sklearn==0.23.2
2021-11-16 18:43:54,906:INFO:lightgbm==3.1.1
2021-11-16 18:43:54,906:INFO:catboost==0.24.4
2021-11-16 18:43:54,907:INFO:xgboost==1.3.3
2021-11-16 18:43:54,907:INFO:mlflow==1.13.1
2021-11-16 18:43:54,907:INFO:Checking Exceptions
2021-11-16 18:43:54,907:INFO:Declaring global variables
2021-11-16 18:43:54,907:INFO:USI: 386f
2021-11-16 18:43:54,907:INFO:pycaret_globals: {'transform_target_method_param', 'html_param', 'pycaret_globals', 'prep_pipe', 'USI', 'logging_param', 'fold_shuffle_param', 'fold_param', 'stratify_param', '_available_plots', 'seed', 'target_param', 'fold_groups_param', '_internal_pipeline', '_ml_usecase', 'display_container', 'exp_name_log', 'experiment__', 'master_model_container', 'imputation_classifier', 'transform_target_param', 'imputation_regressor', 'iterative_imputation_iters_param', 'fix_imbalance_method_param', '_gpu_n_jobs_param', '_all_models', 'log_plots_param', 'n_jobs_param', 'fix_imbalance_param', 'gpu_param', 'fold_generator', '_all_metrics', '_all_models_internal', 'create_model_container', 'X', 'data_before_preprocess'}
2021-11-16 18:43:54,907:INFO:Preparing display monitor
2021-11-16 18:43:54,907:INFO:Preparing display monitor
2021-11-16 18:43:54,958:INFO:Importing libraries
2021-11-16 18:43:54,962:INFO:Copying data for preprocessing
2021-11-16 18:43:54,989:INFO:Declaring preprocessing parameters
2021-11-16 18:43:54,994:INFO:Creating preprocessing pipeline
2021-11-16 18:43:55,026:INFO:Preprocessing pipeline created successfully
2021-11-16 18:43:55,028:ERROR:(Process Exit): setup has been interupted with user command 'quit'. setup must rerun.
2021-11-16 18:43:55,031:INFO:Creating global containers
2021-11-16 18:43:55,038:INFO:Internal pipeline: Pipeline(memory=None, steps=[('empty_step', 'passthrough')], verbose=False)
2021-11-16 18:45:06,228:INFO:Creating grid variables
2021-11-16 18:45:06,384:INFO:create_model_container: 0
2021-11-16 18:45:06,386:INFO:master_model_container: 0
2021-11-16 18:45:06,387:INFO:display_container: 1
2021-11-16 18:45:06,400:INFO:Pipeline(memory=None,
         steps=[('dtypes',
                 DataTypes_Auto_infer(categorical_features=[],
                                      display_types=True,
                                      features_todrop=['Channel', 'Region'],
                                      id_columns=[], ml_usecase='regression',
                                      numerical_features=[],
                                      target='UNSUPERVISED_DUMMY_TARGET',
                                      time_features=[])),
                ('imputer',
                 Simple_Imputer(categorical_strategy='most frequent',
                                fill_value_categorical=None,
                                fill_va...
                ('P_transform', 'passthrough'), ('binn', 'passthrough'),
                ('rem_outliers', 'passthrough'), ('cluster_all', 'passthrough'),
                ('dummy', Dummify(target='UNSUPERVISED_DUMMY_TARGET')),
                ('fix_perfect', 'passthrough'),
                ('clean_names', Clean_Colum_Names()),
                ('feature_select', 'passthrough'), ('fix_multi', 'passthrough'),
                ('dfs', 'passthrough'), ('pca', 'passthrough')],
         verbose=False)
2021-11-16 18:45:06,402:INFO:setup() succesfully completed......................................
2021-11-16 18:46:21,636:INFO:gpu_param set to False
2021-11-16 18:48:12,518:INFO:Initializing create_model()
2021-11-16 18:48:12,519:INFO:create_model(estimator=kmeans, num_clusters=4, fraction=0.05, ground_truth=None, round=4, fit_kwargs=None, verbose=True, system=True, raise_num_clusters=False, display=None, kwargs={})
2021-11-16 18:48:12,520:INFO:Checking exceptions
2021-11-16 18:48:12,520:INFO:Preparing display monitor
2021-11-16 18:48:12,647:INFO:Importing libraries
2021-11-16 18:48:12,728:INFO:Importing untrained model
2021-11-16 18:48:12,764:INFO:K-Means Clustering Imported succesfully
2021-11-16 18:48:12,795:INFO:Fitting Model
2021-11-16 18:48:13,824:INFO:KMeans(algorithm='auto', copy_x=True, init='k-means++', max_iter=300,
       n_clusters=4, n_init=10, n_jobs=-1, precompute_distances='deprecated',
       random_state=123, tol=0.0001, verbose=0)
2021-11-16 18:48:13,825:INFO:create_models() succesfully completed......................................
2021-11-16 18:48:13,827:INFO:Uploading results into container
2021-11-16 18:48:13,835:INFO:Uploading model into container now
2021-11-16 18:48:13,866:INFO:create_model_container: 1
2021-11-16 18:48:13,867:INFO:master_model_container: 1
2021-11-16 18:48:13,868:INFO:display_container: 2
2021-11-16 18:48:13,869:INFO:KMeans(algorithm='auto', copy_x=True, init='k-means++', max_iter=300,
       n_clusters=4, n_init=10, n_jobs=-1, precompute_distances='deprecated',
       random_state=123, tol=0.0001, verbose=0)
2021-11-16 18:48:13,869:INFO:create_model() succesfully completed......................................
2021-11-16 18:50:44,305:INFO:Initializing plot_model()
2021-11-16 18:50:44,312:INFO:plot_model(plot=elbow, fold=None, use_train_data=False, verbose=True, is_in_evaluate=False, display=None, display_format=None, estimator=KMeans(algorithm='auto', copy_x=True, init='k-means++', max_iter=300,
       n_clusters=4, n_init=10, n_jobs=-1, precompute_distances='deprecated',
       random_state=123, tol=0.0001, verbose=0), feature_name=None, fit_kwargs=None, groups=None, label=False, save=False, scale=1, system=True)
2021-11-16 18:50:44,313:INFO:Checking exceptions
2021-11-16 18:50:44,314:INFO:Preparing display monitor
2021-11-16 18:50:44,346:INFO:Preloading libraries
2021-11-16 18:50:44,350:INFO:Copying training dataset
2021-11-16 18:50:44,352:INFO:Plot type: elbow
2021-11-16 18:50:44,525:INFO:Fitting Model
2021-11-16 18:50:46,960:INFO:Visual Rendered Successfully
2021-11-16 18:50:47,409:INFO:plot_model() succesfully completed......................................
2021-11-16 18:52:08,727:INFO:Initializing create_model()
2021-11-16 18:52:08,729:INFO:create_model(estimator=kmeans, num_clusters=4, fraction=0.05, ground_truth=None, round=4, fit_kwargs=None, verbose=True, system=True, raise_num_clusters=False, display=None, kwargs={'num_cluster': 5})
2021-11-16 18:52:08,730:INFO:Checking exceptions
2021-11-16 18:52:08,731:INFO:Preparing display monitor
2021-11-16 18:52:08,774:INFO:Importing libraries
2021-11-16 18:52:08,804:INFO:Importing untrained model
2021-11-16 18:52:43,416:INFO:Initializing create_model()
2021-11-16 18:52:43,417:INFO:create_model(estimator=kmeans, num_clusters=5, fraction=0.05, ground_truth=None, round=4, fit_kwargs=None, verbose=True, system=True, raise_num_clusters=False, display=None, kwargs={})
2021-11-16 18:52:43,417:INFO:Checking exceptions
2021-11-16 18:52:43,417:INFO:Preparing display monitor
2021-11-16 18:52:43,510:INFO:Importing libraries
2021-11-16 18:52:43,541:INFO:Importing untrained model
2021-11-16 18:52:43,606:INFO:K-Means Clustering Imported succesfully
2021-11-16 18:52:43,650:INFO:Fitting Model
2021-11-16 18:52:43,910:INFO:KMeans(algorithm='auto', copy_x=True, init='k-means++', max_iter=300,
       n_clusters=5, n_init=10, n_jobs=-1, precompute_distances='deprecated',
       random_state=123, tol=0.0001, verbose=0)
2021-11-16 18:52:43,913:INFO:create_models() succesfully completed......................................
2021-11-16 18:52:43,915:INFO:Uploading results into container
2021-11-16 18:52:43,928:INFO:Uploading model into container now
2021-11-16 18:52:43,958:INFO:create_model_container: 2
2021-11-16 18:52:43,964:INFO:master_model_container: 2
2021-11-16 18:52:43,966:INFO:display_container: 3
2021-11-16 18:52:43,968:INFO:KMeans(algorithm='auto', copy_x=True, init='k-means++', max_iter=300,
       n_clusters=5, n_init=10, n_jobs=-1, precompute_distances='deprecated',
       random_state=123, tol=0.0001, verbose=0)
2021-11-16 18:52:43,968:INFO:create_model() succesfully completed......................................
2021-11-16 18:54:20,268:INFO:Initializing assign_model()
2021-11-16 18:54:20,269:INFO:assign_model(model=KMeans(algorithm='auto', copy_x=True, init='k-means++', max_iter=300,
       n_clusters=5, n_init=10, n_jobs=-1, precompute_distances='deprecated',
       random_state=123, tol=0.0001, verbose=0), transformation=False, score=True, verbose=True)
2021-11-16 18:54:20,269:INFO:Checking exceptions
2021-11-16 18:54:20,269:INFO:Determining Trained Model
2021-11-16 18:54:20,270:INFO:Trained Model : K-Means Clustering
2021-11-16 18:54:20,271:INFO:Copying data
2021-11-16 18:54:20,274:INFO:(418, 9)
2021-11-16 18:54:20,274:INFO:assign_model() succesfully completed......................................
2021-11-16 18:59:05,587:INFO:Initializing plot_model()
2021-11-16 18:59:05,589:INFO:plot_model(plot=cluster, fold=None, use_train_data=False, verbose=True, is_in_evaluate=False, display=None, display_format=None, estimator=KMeans(algorithm='auto', copy_x=True, init='k-means++', max_iter=300,
       n_clusters=5, n_init=10, n_jobs=-1, precompute_distances='deprecated',
       random_state=123, tol=0.0001, verbose=0), feature_name=None, fit_kwargs=None, groups=None, label=False, save=False, scale=1, system=True)
2021-11-16 18:59:05,591:INFO:Checking exceptions
2021-11-16 18:59:05,591:INFO:Preparing display monitor
2021-11-16 18:59:05,617:INFO:Preloading libraries
2021-11-16 18:59:05,622:INFO:Copying training dataset
2021-11-16 18:59:05,628:INFO:Plot type: cluster
2021-11-16 18:59:05,632:INFO:SubProcess assign_model() called ==================================
2021-11-16 18:59:05,636:INFO:Initializing assign_model()
2021-11-16 18:59:05,637:INFO:assign_model(model=Pipeline(memory=None,
         steps=[('empty_step', 'passthrough'),
                ('actual_estimator',
                 KMeans(algorithm='auto', copy_x=True, init='k-means++',
                        max_iter=300, n_clusters=5, n_init=10, n_jobs=-1,
                        precompute_distances='deprecated', random_state=123,
                        tol=0.0001, verbose=0))],
         verbose=False), transformation=True, score=True, verbose=False)
2021-11-16 18:59:05,638:INFO:Checking exceptions
2021-11-16 18:59:05,639:INFO:Determining Trained Model
2021-11-16 18:59:05,640:INFO:Trained Model : K-Means Clustering
2021-11-16 18:59:05,642:INFO:Copying data
2021-11-16 18:59:05,642:INFO:Transformation param set to True. Assigned clusters are attached on transformed dataset.
2021-11-16 18:59:05,644:INFO:(418, 7)
2021-11-16 18:59:05,644:INFO:assign_model() succesfully completed......................................
2021-11-16 18:59:05,644:INFO:SubProcess assign_model() end ==================================
2021-11-16 18:59:05,654:INFO:Fitting PCA()
2021-11-16 18:59:05,768:INFO:Sorting dataframe
2021-11-16 18:59:05,778:INFO:Rendering Visual
2021-11-16 18:59:06,768:INFO:Visual Rendered Successfully
2021-11-16 18:59:07,549:INFO:plot_model() succesfully completed......................................
2021-11-16 19:00:24,468:INFO:Initializing plot_model()
2021-11-16 19:00:24,469:INFO:plot_model(plot=tsne, fold=None, use_train_data=False, verbose=True, is_in_evaluate=False, display=None, display_format=None, estimator=KMeans(algorithm='auto', copy_x=True, init='k-means++', max_iter=300,
       n_clusters=5, n_init=10, n_jobs=-1, precompute_distances='deprecated',
       random_state=123, tol=0.0001, verbose=0), feature_name=None, fit_kwargs=None, groups=None, label=False, save=False, scale=1, system=True)
2021-11-16 19:00:24,470:INFO:Checking exceptions
2021-11-16 19:00:24,471:INFO:Preparing display monitor
2021-11-16 19:00:24,484:INFO:Preloading libraries
2021-11-16 19:00:24,487:INFO:Copying training dataset
2021-11-16 19:00:24,488:INFO:Plot type: tsne
2021-11-16 19:00:24,491:INFO:SubProcess assign_model() called ==================================
2021-11-16 19:00:24,494:INFO:Initializing assign_model()
2021-11-16 19:00:24,506:INFO:assign_model(model=Pipeline(memory=None,
         steps=[('empty_step', 'passthrough'),
                ('actual_estimator',
                 KMeans(algorithm='auto', copy_x=True, init='k-means++',
                        max_iter=300, n_clusters=5, n_init=10, n_jobs=-1,
                        precompute_distances='deprecated', random_state=123,
                        tol=0.0001, verbose=0))],
         verbose=False), transformation=True, score=False, verbose=False)
2021-11-16 19:00:24,507:INFO:Checking exceptions
2021-11-16 19:00:24,507:INFO:Determining Trained Model
2021-11-16 19:00:24,508:INFO:Trained Model : K-Means Clustering
2021-11-16 19:00:24,509:INFO:Copying data
2021-11-16 19:00:24,510:INFO:Transformation param set to True. Assigned clusters are attached on transformed dataset.
2021-11-16 19:00:24,512:INFO:(418, 7)
2021-11-16 19:00:24,513:INFO:assign_model() succesfully completed......................................
2021-11-16 19:00:24,514:INFO:SubProcess assign_model() end ==================================
2021-11-16 19:00:24,516:INFO:Fitting TSNE()
2021-11-16 19:00:41,971:INFO:Sorting dataframe
2021-11-16 19:00:41,977:INFO:Rendering Visual
2021-11-16 19:00:42,173:INFO:Visual Rendered Successfully
2021-11-16 19:00:43,135:INFO:plot_model() succesfully completed......................................
2021-11-16 19:02:59,392:INFO:Initializing plot_model()
2021-11-16 19:02:59,398:INFO:plot_model(plot=silhouette, fold=None, use_train_data=False, verbose=True, is_in_evaluate=False, display=None, display_format=None, estimator=KMeans(algorithm='auto', copy_x=True, init='k-means++', max_iter=300,
       n_clusters=5, n_init=10, n_jobs=-1, precompute_distances='deprecated',
       random_state=123, tol=0.0001, verbose=0), feature_name=None, fit_kwargs=None, groups=None, label=False, save=False, scale=1, system=True)
2021-11-16 19:02:59,399:INFO:Checking exceptions
2021-11-16 19:02:59,399:INFO:Preparing display monitor
2021-11-16 19:02:59,424:INFO:Preloading libraries
2021-11-16 19:02:59,429:INFO:Copying training dataset
2021-11-16 19:02:59,430:INFO:Plot type: silhouette
2021-11-16 19:02:59,446:INFO:Fitting Model
2021-11-16 19:03:00,333:INFO:Visual Rendered Successfully
2021-11-16 19:03:00,809:INFO:plot_model() succesfully completed......................................
2021-11-16 19:04:07,703:INFO:Initializing plot_model()
2021-11-16 19:04:07,705:INFO:plot_model(plot=distance, fold=None, use_train_data=False, verbose=True, is_in_evaluate=False, display=None, display_format=None, estimator=KMeans(algorithm='auto', copy_x=True, init='k-means++', max_iter=300,
       n_clusters=5, n_init=10, n_jobs=-1, precompute_distances='deprecated',
       random_state=123, tol=0.0001, verbose=0), feature_name=None, fit_kwargs=None, groups=None, label=False, save=False, scale=1, system=True)
2021-11-16 19:04:07,707:INFO:Checking exceptions
2021-11-16 19:04:07,707:INFO:Preparing display monitor
2021-11-16 19:04:07,728:INFO:Preloading libraries
2021-11-16 19:04:07,732:INFO:Copying training dataset
2021-11-16 19:04:07,741:INFO:Plot type: distance
2021-11-16 19:04:07,814:INFO:Fitting Model
2021-11-16 19:04:08,309:INFO:Visual Rendered Successfully
2021-11-16 19:04:08,754:INFO:plot_model() succesfully completed......................................
2021-11-16 19:05:26,275:INFO:Initializing plot_model()
2021-11-16 19:05:26,277:INFO:plot_model(plot=distribution, fold=None, use_train_data=False, verbose=True, is_in_evaluate=False, display=None, display_format=None, estimator=KMeans(algorithm='auto', copy_x=True, init='k-means++', max_iter=300,
       n_clusters=5, n_init=10, n_jobs=-1, precompute_distances='deprecated',
       random_state=123, tol=0.0001, verbose=0), feature_name=None, fit_kwargs=None, groups=None, label=False, save=False, scale=1, system=True)
2021-11-16 19:05:26,277:INFO:Checking exceptions
2021-11-16 19:05:26,278:INFO:Preparing display monitor
2021-11-16 19:05:26,324:INFO:Preloading libraries
2021-11-16 19:05:26,333:INFO:Copying training dataset
2021-11-16 19:05:26,334:INFO:Plot type: distribution
2021-11-16 19:05:26,340:INFO:SubProcess assign_model() called ==================================
2021-11-16 19:05:26,347:INFO:Initializing assign_model()
2021-11-16 19:05:26,353:INFO:assign_model(model=Pipeline(memory=None,
         steps=[('empty_step', 'passthrough'),
                ('actual_estimator',
                 KMeans(algorithm='auto', copy_x=True, init='k-means++',
                        max_iter=300, n_clusters=5, n_init=10, n_jobs=-1,
                        precompute_distances='deprecated', random_state=123,
                        tol=0.0001, verbose=0))],
         verbose=False), transformation=False, score=True, verbose=False)
2021-11-16 19:05:26,354:INFO:Checking exceptions
2021-11-16 19:05:26,355:INFO:Determining Trained Model
2021-11-16 19:05:26,356:INFO:Trained Model : K-Means Clustering
2021-11-16 19:05:26,357:INFO:Copying data
2021-11-16 19:05:26,361:INFO:(418, 9)
2021-11-16 19:05:26,363:INFO:assign_model() succesfully completed......................................
2021-11-16 19:05:26,371:INFO:SubProcess assign_model() end ==================================
2021-11-16 19:05:26,372:INFO:Sorting dataframe
2021-11-16 19:05:26,386:INFO:Rendering Visual
2021-11-16 19:05:26,780:INFO:Visual Rendered Successfully
2021-11-16 19:05:27,200:INFO:plot_model() succesfully completed......................................
2021-11-16 19:07:33,591:INFO:Initializing plot_model()
2021-11-16 19:07:33,594:INFO:plot_model(plot=distribution, fold=None, use_train_data=False, verbose=True, is_in_evaluate=False, display=None, display_format=None, estimator=KMeans(algorithm='auto', copy_x=True, init='k-means++', max_iter=300,
       n_clusters=5, n_init=10, n_jobs=-1, precompute_distances='deprecated',
       random_state=123, tol=0.0001, verbose=0), feature_name=Region, fit_kwargs=None, groups=None, label=False, save=False, scale=1, system=True)
2021-11-16 19:07:33,595:INFO:Checking exceptions
2021-11-16 19:07:33,596:INFO:Preparing display monitor
2021-11-16 19:07:33,619:INFO:Preloading libraries
2021-11-16 19:07:33,622:INFO:Copying training dataset
2021-11-16 19:07:33,624:INFO:Plot type: distribution
2021-11-16 19:07:33,629:INFO:SubProcess assign_model() called ==================================
2021-11-16 19:07:33,635:INFO:Initializing assign_model()
2021-11-16 19:07:33,636:INFO:assign_model(model=Pipeline(memory=None,
         steps=[('empty_step', 'passthrough'),
                ('actual_estimator',
                 KMeans(algorithm='auto', copy_x=True, init='k-means++',
                        max_iter=300, n_clusters=5, n_init=10, n_jobs=-1,
                        precompute_distances='deprecated', random_state=123,
                        tol=0.0001, verbose=0))],
         verbose=False), transformation=False, score=True, verbose=False)
2021-11-16 19:07:33,637:INFO:Checking exceptions
2021-11-16 19:07:33,641:INFO:Determining Trained Model
2021-11-16 19:07:33,642:INFO:Trained Model : K-Means Clustering
2021-11-16 19:07:33,642:INFO:Copying data
2021-11-16 19:07:33,647:INFO:(418, 9)
2021-11-16 19:07:33,648:INFO:assign_model() succesfully completed......................................
2021-11-16 19:07:33,649:INFO:SubProcess assign_model() end ==================================
2021-11-16 19:07:33,650:INFO:Sorting dataframe
2021-11-16 19:07:33,662:INFO:Rendering Visual
2021-11-16 19:07:34,082:INFO:Visual Rendered Successfully
2021-11-16 19:07:34,780:INFO:plot_model() succesfully completed......................................
2021-11-16 19:08:59,091:INFO:Initializing plot_model()
2021-11-16 19:08:59,105:INFO:plot_model(plot=distribution, fold=None, use_train_data=False, verbose=True, is_in_evaluate=False, display=None, display_format=None, estimator=KMeans(algorithm='auto', copy_x=True, init='k-means++', max_iter=300,
       n_clusters=5, n_init=10, n_jobs=-1, precompute_distances='deprecated',
       random_state=123, tol=0.0001, verbose=0), feature_name=Grocery, fit_kwargs=None, groups=None, label=False, save=False, scale=1, system=True)
2021-11-16 19:08:59,105:INFO:Checking exceptions
2021-11-16 19:08:59,105:INFO:Preparing display monitor
2021-11-16 19:08:59,148:INFO:Preloading libraries
2021-11-16 19:08:59,151:INFO:Copying training dataset
2021-11-16 19:08:59,165:INFO:Plot type: distribution
2021-11-16 19:08:59,167:INFO:SubProcess assign_model() called ==================================
2021-11-16 19:08:59,177:INFO:Initializing assign_model()
2021-11-16 19:08:59,178:INFO:assign_model(model=Pipeline(memory=None,
         steps=[('empty_step', 'passthrough'),
                ('actual_estimator',
                 KMeans(algorithm='auto', copy_x=True, init='k-means++',
                        max_iter=300, n_clusters=5, n_init=10, n_jobs=-1,
                        precompute_distances='deprecated', random_state=123,
                        tol=0.0001, verbose=0))],
         verbose=False), transformation=False, score=True, verbose=False)
2021-11-16 19:08:59,179:INFO:Checking exceptions
2021-11-16 19:08:59,179:INFO:Determining Trained Model
2021-11-16 19:08:59,180:INFO:Trained Model : K-Means Clustering
2021-11-16 19:08:59,181:INFO:Copying data
2021-11-16 19:08:59,188:INFO:(418, 9)
2021-11-16 19:08:59,191:INFO:assign_model() succesfully completed......................................
2021-11-16 19:08:59,193:INFO:SubProcess assign_model() end ==================================
2021-11-16 19:08:59,198:INFO:Sorting dataframe
2021-11-16 19:08:59,217:INFO:Rendering Visual
2021-11-16 19:08:59,668:INFO:Visual Rendered Successfully
2021-11-16 19:09:00,649:INFO:plot_model() succesfully completed......................................
2021-11-16 19:09:23,392:INFO:Initializing plot_model()
2021-11-16 19:09:23,393:INFO:plot_model(plot=distribution, fold=None, use_train_data=False, verbose=True, is_in_evaluate=False, display=None, display_format=None, estimator=KMeans(algorithm='auto', copy_x=True, init='k-means++', max_iter=300,
       n_clusters=5, n_init=10, n_jobs=-1, precompute_distances='deprecated',
       random_state=123, tol=0.0001, verbose=0), feature_name=Milk, fit_kwargs=None, groups=None, label=False, save=False, scale=1, system=True)
2021-11-16 19:09:23,393:INFO:Checking exceptions
2021-11-16 19:09:23,393:INFO:Preparing display monitor
2021-11-16 19:09:23,422:INFO:Preloading libraries
2021-11-16 19:09:23,427:INFO:Copying training dataset
2021-11-16 19:09:23,429:INFO:Plot type: distribution
2021-11-16 19:09:23,434:INFO:SubProcess assign_model() called ==================================
2021-11-16 19:09:23,441:INFO:Initializing assign_model()
2021-11-16 19:09:23,442:INFO:assign_model(model=Pipeline(memory=None,
         steps=[('empty_step', 'passthrough'),
                ('actual_estimator',
                 KMeans(algorithm='auto', copy_x=True, init='k-means++',
                        max_iter=300, n_clusters=5, n_init=10, n_jobs=-1,
                        precompute_distances='deprecated', random_state=123,
                        tol=0.0001, verbose=0))],
         verbose=False), transformation=False, score=True, verbose=False)
2021-11-16 19:09:23,443:INFO:Checking exceptions
2021-11-16 19:09:23,451:INFO:Determining Trained Model
2021-11-16 19:09:23,454:INFO:Trained Model : K-Means Clustering
2021-11-16 19:09:23,455:INFO:Copying data
2021-11-16 19:09:23,462:INFO:(418, 9)
2021-11-16 19:09:23,463:INFO:assign_model() succesfully completed......................................
2021-11-16 19:09:23,464:INFO:SubProcess assign_model() end ==================================
2021-11-16 19:09:23,464:INFO:Sorting dataframe
2021-11-16 19:09:23,475:INFO:Rendering Visual
2021-11-16 19:09:23,800:INFO:Visual Rendered Successfully
2021-11-16 19:09:24,579:INFO:plot_model() succesfully completed......................................
2021-11-16 19:09:43,523:INFO:Initializing plot_model()
2021-11-16 19:09:43,524:INFO:plot_model(plot=distribution, fold=None, use_train_data=False, verbose=True, is_in_evaluate=False, display=None, display_format=None, estimator=KMeans(algorithm='auto', copy_x=True, init='k-means++', max_iter=300,
       n_clusters=5, n_init=10, n_jobs=-1, precompute_distances='deprecated',
       random_state=123, tol=0.0001, verbose=0), feature_name=Frozen, fit_kwargs=None, groups=None, label=False, save=False, scale=1, system=True)
2021-11-16 19:09:43,524:INFO:Checking exceptions
2021-11-16 19:09:43,524:INFO:Preparing display monitor
2021-11-16 19:09:43,558:INFO:Preloading libraries
2021-11-16 19:09:43,568:INFO:Copying training dataset
2021-11-16 19:09:43,569:INFO:Plot type: distribution
2021-11-16 19:09:43,573:INFO:SubProcess assign_model() called ==================================
2021-11-16 19:09:43,577:INFO:Initializing assign_model()
2021-11-16 19:09:43,582:INFO:assign_model(model=Pipeline(memory=None,
         steps=[('empty_step', 'passthrough'),
                ('actual_estimator',
                 KMeans(algorithm='auto', copy_x=True, init='k-means++',
                        max_iter=300, n_clusters=5, n_init=10, n_jobs=-1,
                        precompute_distances='deprecated', random_state=123,
                        tol=0.0001, verbose=0))],
         verbose=False), transformation=False, score=True, verbose=False)
2021-11-16 19:09:43,582:INFO:Checking exceptions
2021-11-16 19:09:43,583:INFO:Determining Trained Model
2021-11-16 19:09:43,584:INFO:Trained Model : K-Means Clustering
2021-11-16 19:09:43,591:INFO:Copying data
2021-11-16 19:09:43,594:INFO:(418, 9)
2021-11-16 19:09:43,601:INFO:assign_model() succesfully completed......................................
2021-11-16 19:09:43,604:INFO:SubProcess assign_model() end ==================================
2021-11-16 19:09:43,607:INFO:Sorting dataframe
2021-11-16 19:09:43,625:INFO:Rendering Visual
2021-11-16 19:09:44,030:INFO:Visual Rendered Successfully
2021-11-16 19:09:44,583:INFO:plot_model() succesfully completed......................................
2021-11-16 19:10:13,899:INFO:Initializing plot_model()
2021-11-16 19:10:13,901:INFO:plot_model(plot=distribution, fold=None, use_train_data=False, verbose=True, is_in_evaluate=False, display=None, display_format=None, estimator=KMeans(algorithm='auto', copy_x=True, init='k-means++', max_iter=300,
       n_clusters=5, n_init=10, n_jobs=-1, precompute_distances='deprecated',
       random_state=123, tol=0.0001, verbose=0), feature_name=Detergents_Paper, fit_kwargs=None, groups=None, label=False, save=False, scale=1, system=True)
2021-11-16 19:10:13,901:INFO:Checking exceptions
2021-11-16 19:10:13,903:INFO:Preparing display monitor
2021-11-16 19:10:13,947:INFO:Preloading libraries
2021-11-16 19:10:13,952:INFO:Copying training dataset
2021-11-16 19:10:13,953:INFO:Plot type: distribution
2021-11-16 19:10:13,955:INFO:SubProcess assign_model() called ==================================
2021-11-16 19:10:13,958:INFO:Initializing assign_model()
2021-11-16 19:10:13,961:INFO:assign_model(model=Pipeline(memory=None,
         steps=[('empty_step', 'passthrough'),
                ('actual_estimator',
                 KMeans(algorithm='auto', copy_x=True, init='k-means++',
                        max_iter=300, n_clusters=5, n_init=10, n_jobs=-1,
                        precompute_distances='deprecated', random_state=123,
                        tol=0.0001, verbose=0))],
         verbose=False), transformation=False, score=True, verbose=False)
2021-11-16 19:10:13,961:INFO:Checking exceptions
2021-11-16 19:10:13,962:INFO:Determining Trained Model
2021-11-16 19:10:13,963:INFO:Trained Model : K-Means Clustering
2021-11-16 19:10:13,963:INFO:Copying data
2021-11-16 19:10:13,966:INFO:(418, 9)
2021-11-16 19:10:13,967:INFO:assign_model() succesfully completed......................................
2021-11-16 19:10:13,968:INFO:SubProcess assign_model() end ==================================
2021-11-16 19:10:13,968:INFO:Sorting dataframe
2021-11-16 19:10:13,976:INFO:Rendering Visual
2021-11-16 19:10:14,279:INFO:Visual Rendered Successfully
2021-11-16 19:10:15,183:INFO:plot_model() succesfully completed......................................
2021-11-16 19:10:41,737:INFO:Initializing plot_model()
2021-11-16 19:10:41,738:INFO:plot_model(plot=distribution, fold=None, use_train_data=False, verbose=True, is_in_evaluate=False, display=None, display_format=None, estimator=KMeans(algorithm='auto', copy_x=True, init='k-means++', max_iter=300,
       n_clusters=5, n_init=10, n_jobs=-1, precompute_distances='deprecated',
       random_state=123, tol=0.0001, verbose=0), feature_name=Delicassen, fit_kwargs=None, groups=None, label=False, save=False, scale=1, system=True)
2021-11-16 19:10:41,739:INFO:Checking exceptions
2021-11-16 19:10:41,739:INFO:Preparing display monitor
2021-11-16 19:10:41,768:INFO:Preloading libraries
2021-11-16 19:10:41,775:INFO:Copying training dataset
2021-11-16 19:10:41,776:INFO:Plot type: distribution
2021-11-16 19:10:41,780:INFO:SubProcess assign_model() called ==================================
2021-11-16 19:10:41,784:INFO:Initializing assign_model()
2021-11-16 19:10:41,785:INFO:assign_model(model=Pipeline(memory=None,
         steps=[('empty_step', 'passthrough'),
                ('actual_estimator',
                 KMeans(algorithm='auto', copy_x=True, init='k-means++',
                        max_iter=300, n_clusters=5, n_init=10, n_jobs=-1,
                        precompute_distances='deprecated', random_state=123,
                        tol=0.0001, verbose=0))],
         verbose=False), transformation=False, score=True, verbose=False)
2021-11-16 19:10:41,786:INFO:Checking exceptions
2021-11-16 19:10:41,786:INFO:Determining Trained Model
2021-11-16 19:10:41,787:INFO:Trained Model : K-Means Clustering
2021-11-16 19:10:41,788:INFO:Copying data
2021-11-16 19:10:41,797:INFO:(418, 9)
2021-11-16 19:10:41,801:INFO:assign_model() succesfully completed......................................
2021-11-16 19:10:41,802:INFO:SubProcess assign_model() end ==================================
2021-11-16 19:10:41,803:INFO:Sorting dataframe
2021-11-16 19:10:41,812:INFO:Rendering Visual
2021-11-16 19:10:42,260:INFO:Visual Rendered Successfully
2021-11-16 19:10:42,919:INFO:plot_model() succesfully completed......................................
2021-11-16 19:16:01,129:INFO:Initializing save_model()
2021-11-16 19:16:01,131:INFO:save_model(model=KMeans(algorithm='auto', copy_x=True, init='k-means++', max_iter=300,
       n_clusters=5, n_init=10, n_jobs=-1, precompute_distances='deprecated',
       random_state=123, tol=0.0001, verbose=0), model_name=FinalModelCluster, prep_pipe_=Pipeline(memory=None,
         steps=[('dtypes',
                 DataTypes_Auto_infer(categorical_features=[],
                                      display_types=True,
                                      features_todrop=['Channel', 'Region'],
                                      id_columns=[], ml_usecase='regression',
                                      numerical_features=[],
                                      target='UNSUPERVISED_DUMMY_TARGET',
                                      time_features=[])),
                ('imputer',
                 Simple_Imputer(categorical_strategy='most frequent',
                                fill_value_categorical=None,
                                fill_va...
                ('P_transform', 'passthrough'), ('binn', 'passthrough'),
                ('rem_outliers', 'passthrough'), ('cluster_all', 'passthrough'),
                ('dummy', Dummify(target='UNSUPERVISED_DUMMY_TARGET')),
                ('fix_perfect', 'passthrough'),
                ('clean_names', Clean_Colum_Names()),
                ('feature_select', 'passthrough'), ('fix_multi', 'passthrough'),
                ('dfs', 'passthrough'), ('pca', 'passthrough')],
         verbose=False), verbose=True)
2021-11-16 19:16:01,132:INFO:Adding model into prep_pipe
2021-11-16 19:16:01,147:INFO:FinalModelCluster.pkl saved in current working directory
2021-11-16 19:16:01,159:INFO:Pipeline(memory=None,
         steps=[('dtypes',
                 DataTypes_Auto_infer(categorical_features=[],
                                      display_types=True,
                                      features_todrop=['Channel', 'Region'],
                                      id_columns=[], ml_usecase='regression',
                                      numerical_features=[],
                                      target='UNSUPERVISED_DUMMY_TARGET',
                                      time_features=[])),
                ('imputer',
                 Simple_Imputer(categorical_strategy='most frequent',
                                fill_value_categorical=None,
                                fill_va...
                ('fix_perfect', 'passthrough'),
                ('clean_names', Clean_Colum_Names()),
                ('feature_select', 'passthrough'), ('fix_multi', 'passthrough'),
                ('dfs', 'passthrough'), ('pca', 'passthrough'),
                ['trained_model',
                 KMeans(algorithm='auto', copy_x=True, init='k-means++',
                        max_iter=300, n_clusters=5, n_init=10, n_jobs=-1,
                        precompute_distances='deprecated', random_state=123,
                        tol=0.0001, verbose=0)]],
         verbose=False)
2021-11-16 19:16:01,162:INFO:save_model() succesfully completed......................................
2021-11-16 19:16:17,924:INFO:Initializing save_model()
2021-11-16 19:16:17,925:INFO:save_model(model=KMeans(algorithm='auto', copy_x=True, init='k-means++', max_iter=300,
       n_clusters=5, n_init=10, n_jobs=-1, precompute_distances='deprecated',
       random_state=123, tol=0.0001, verbose=0), model_name=FinalModelClustering, prep_pipe_=Pipeline(memory=None,
         steps=[('dtypes',
                 DataTypes_Auto_infer(categorical_features=[],
                                      display_types=True,
                                      features_todrop=['Channel', 'Region'],
                                      id_columns=[], ml_usecase='regression',
                                      numerical_features=[],
                                      target='UNSUPERVISED_DUMMY_TARGET',
                                      time_features=[])),
                ('imputer',
                 Simple_Imputer(categorical_strategy='most frequent',
                                fill_value_categorical=None,
                                fill_va...
                ('P_transform', 'passthrough'), ('binn', 'passthrough'),
                ('rem_outliers', 'passthrough'), ('cluster_all', 'passthrough'),
                ('dummy', Dummify(target='UNSUPERVISED_DUMMY_TARGET')),
                ('fix_perfect', 'passthrough'),
                ('clean_names', Clean_Colum_Names()),
                ('feature_select', 'passthrough'), ('fix_multi', 'passthrough'),
                ('dfs', 'passthrough'), ('pca', 'passthrough')],
         verbose=False), verbose=True)
2021-11-16 19:16:17,926:INFO:Adding model into prep_pipe
2021-11-16 19:16:17,957:INFO:FinalModelClustering.pkl saved in current working directory
2021-11-16 19:16:17,964:INFO:Pipeline(memory=None,
         steps=[('dtypes',
                 DataTypes_Auto_infer(categorical_features=[],
                                      display_types=True,
                                      features_todrop=['Channel', 'Region'],
                                      id_columns=[], ml_usecase='regression',
                                      numerical_features=[],
                                      target='UNSUPERVISED_DUMMY_TARGET',
                                      time_features=[])),
                ('imputer',
                 Simple_Imputer(categorical_strategy='most frequent',
                                fill_value_categorical=None,
                                fill_va...
                ('fix_perfect', 'passthrough'),
                ('clean_names', Clean_Colum_Names()),
                ('feature_select', 'passthrough'), ('fix_multi', 'passthrough'),
                ('dfs', 'passthrough'), ('pca', 'passthrough'),
                ['trained_model',
                 KMeans(algorithm='auto', copy_x=True, init='k-means++',
                        max_iter=300, n_clusters=5, n_init=10, n_jobs=-1,
                        precompute_distances='deprecated', random_state=123,
                        tol=0.0001, verbose=0)]],
         verbose=False)
2021-11-16 19:16:17,965:INFO:save_model() succesfully completed......................................
2021-11-16 19:17:17,121:INFO:Initializing load_model()
2021-11-16 19:17:17,123:INFO:load_model(model_name=FinalModelClustering, platform=None, authentication=None, verbose=True)
2021-11-16 19:18:22,045:INFO:Initializing predict_model()
2021-11-16 19:18:22,046:INFO:predict_model(estimator=Pipeline(memory=None,
         steps=[('dtypes',
                 DataTypes_Auto_infer(categorical_features=[],
                                      display_types=True,
                                      features_todrop=['Channel', 'Region'],
                                      id_columns=[], ml_usecase='regression',
                                      numerical_features=[],
                                      target='UNSUPERVISED_DUMMY_TARGET',
                                      time_features=[])),
                ('imputer',
                 Simple_Imputer(categorical_strategy='most frequent',
                                fill_value_categorical=None,
                                fill_va...
                ('fix_perfect', 'passthrough'),
                ('clean_names', Clean_Colum_Names()),
                ('feature_select', 'passthrough'), ('fix_multi', 'passthrough'),
                ('dfs', 'passthrough'), ('pca', 'passthrough'),
                ['trained_model',
                 KMeans(algorithm='auto', copy_x=True, init='k-means++',
                        max_iter=300, n_clusters=5, n_init=10, n_jobs=-1,
                        precompute_distances='deprecated', random_state=123,
                        tol=0.0001, verbose=0)]],
         verbose=False), ml_usecase=MLUsecase.CLUSTERING)
